<?xml version="1.0" encoding="UTF-8"?>
<!-- Generated by org.testng.reporters.JUnitReportReporter -->
<testsuite hostname="DESKTOP-RK351ID" failures="0" tests="7" name="com.testscripts.HomePageTest" time="125.420" errors="0" timestamp="2019-09-25T21:33:15 CDT" skipped="0">
  <testcase classname="com.testscripts.HomePageTest" name="verifySearchResultDisplayed" time="16.846"/>
  <testcase classname="com.testscripts.HomePageTest" name="verifyLogout" time="22.400"/>
  <testcase classname="com.testscripts.HomePageTest" name="verifySlideNextPrev" time="14.998"/>
  <testcase classname="com.testscripts.HomePageTest" name="verifyHomePageTitleTest" time="14.080"/>
  <testcase classname="com.testscripts.HomePageTest" name="verifySlideDisplayed" time="14.293"/>
  <testcase classname="com.testscripts.HomePageTest" name="verifyInvalidLogin" time="21.207"/>
  <testcase classname="com.testscripts.HomePageTest" name="verifyLoginWithValidData" time="21.596"/>
</testsuite> <!-- com.testscripts.HomePageTest -->
