<?xml version="1.0" encoding="UTF-8"?>
<!-- Generated by org.testng.reporters.JUnitReportReporter -->
<testsuite hostname="DESKTOP-RK351ID" failures="0" tests="5" name="com.testscripts.FilmsPageTest" time="150.767" errors="0" timestamp="2019-09-25T21:33:15 CDT" skipped="0">
  <testcase classname="com.testscripts.FilmsPageTest" name="verifyFilmPageOpenAfterSelectingFilm" time="77.457"/>
  <testcase classname="com.testscripts.FilmsPageTest" name="verifyFilmPageOpen" time="15.522"/>
  <testcase classname="com.testscripts.FilmsPageTest" name="verifyFilmList" time="16.460"/>
  <testcase classname="com.testscripts.FilmsPageTest" name="verifyListOfFilmsDisplayedInSelector" time="16.553"/>
  <testcase classname="com.testscripts.FilmsPageTest" name="verifyMovieOnIMDB" time="24.775"/>
</testsuite> <!-- com.testscripts.FilmsPageTest -->
