<?xml version="1.0" encoding="UTF-8"?>
<!-- Generated by org.testng.reporters.JUnitReportReporter -->
<testsuite hostname="DESKTOP-RK351ID" failures="0" tests="3" name="com.testscripts.VideoPageTest" time="58.933" errors="0" timestamp="2019-09-25T21:33:15 CDT" skipped="0">
  <testcase classname="com.testscripts.VideoPageTest" name="verifyNoResultFoundDisplayedForSpecialChar" time="18.932"/>
  <testcase classname="com.testscripts.VideoPageTest" name="verifySearch" time="21.109"/>
  <testcase classname="com.testscripts.VideoPageTest" name="verifyNoResultFoundSearch" time="18.892"/>
</testsuite> <!-- com.testscripts.VideoPageTest -->
